Library/Bee/Android/Prj/Mono2x/Gradle/unityLibrary/build/intermediates/manifest_merge_blame_file/release/manifest-merger-blame-release-report.txt
1<?xml version="1.0" encoding="utf-8"?>
2<manifest xmlns:android="http://schemas.android.com/apk/res/android"
3    xmlns:tools="http://schemas.android.com/tools"
4    package="com.unity3d.player" >
5
6    <uses-sdk
7        android:minSdkVersion="22"
7-->src\main\AndroidManifest.xml
8        android:targetSdkVersion="32" />
8-->src\main\AndroidManifest.xml
9
10    <uses-feature android:glEsVersion="0x00020000" />
10-->src\main\AndroidManifest.xml:3:3-52
10-->src\main\AndroidManifest.xml:3:17-49
11    <uses-feature
11-->src\main\AndroidManifest.xml:4:3-88
12        android:name="android.hardware.touchscreen"
12-->src\main\AndroidManifest.xml:4:17-60
13        android:required="false" />
13-->src\main\AndroidManifest.xml:4:61-85
14    <uses-feature
14-->src\main\AndroidManifest.xml:5:3-99
15        android:name="android.hardware.touchscreen.multitouch"
15-->src\main\AndroidManifest.xml:5:17-71
16        android:required="false" />
16-->src\main\AndroidManifest.xml:5:72-96
17    <uses-feature
17-->src\main\AndroidManifest.xml:6:3-108
18        android:name="android.hardware.touchscreen.multitouch.distinct"
18-->src\main\AndroidManifest.xml:6:17-80
19        android:required="false" />
19-->src\main\AndroidManifest.xml:6:81-105
20
21    <application
21-->src\main\AndroidManifest.xml:7:3-24:17
22        android:extractNativeLibs="true"
22-->src\main\AndroidManifest.xml:7:16-48
23        android:isGame="true" >
23-->src\main\AndroidManifest.xml:7:49-70
24        <meta-data
24-->src\main\AndroidManifest.xml:8:5-69
25            android:name="unity.splash-mode"
25-->src\main\AndroidManifest.xml:8:16-48
26            android:value="0" />
26-->src\main\AndroidManifest.xml:8:49-66
27        <meta-data
27-->src\main\AndroidManifest.xml:9:5-74
28            android:name="unity.splash-enable"
28-->src\main\AndroidManifest.xml:9:16-50
29            android:value="True" />
29-->src\main\AndroidManifest.xml:9:51-71
30        <meta-data
30-->src\main\AndroidManifest.xml:10:5-78
31            android:name="unity.launch-fullscreen"
31-->src\main\AndroidManifest.xml:10:16-54
32            android:value="True" />
32-->src\main\AndroidManifest.xml:10:55-75
33        <meta-data
33-->src\main\AndroidManifest.xml:11:5-83
34            android:name="unity.allow-resizable-window"
34-->src\main\AndroidManifest.xml:11:16-59
35            android:value="True" />
35-->src\main\AndroidManifest.xml:11:60-80
36        <meta-data
36-->src\main\AndroidManifest.xml:12:5-84
37            android:name="unity.auto-report-fully-drawn"
37-->src\main\AndroidManifest.xml:12:16-60
38            android:value="true" />
38-->src\main\AndroidManifest.xml:12:61-81
39
40        <activity
40-->src\main\AndroidManifest.xml:13:5-23:16
41            android:name="com.unity3d.player.UnityPlayerActivity"
41-->src\main\AndroidManifest.xml:13:15-68
42            android:configChanges="mcc|mnc|locale|touchscreen|keyboard|keyboardHidden|navigation|orientation|screenLayout|uiMode|screenSize|smallestScreenSize|fontScale|layoutDirection|density"
42-->src\main\AndroidManifest.xml:13:185-366
43            android:exported="true"
43-->src\main\AndroidManifest.xml:13:437-460
44            android:hardwareAccelerated="false"
44-->src\main\AndroidManifest.xml:13:401-436
45            android:launchMode="singleTask"
45-->src\main\AndroidManifest.xml:13:153-184
46            android:resizeableActivity="true"
46-->src\main\AndroidManifest.xml:13:367-400
47            android:screenOrientation="userLandscape"
47-->src\main\AndroidManifest.xml:13:111-152
48            android:theme="@style/UnityThemeSelector" >
48-->src\main\AndroidManifest.xml:13:69-110
49            <intent-filter>
49-->src\main\AndroidManifest.xml:14:7-18:23
50                <category android:name="android.intent.category.LAUNCHER" />
50-->src\main\AndroidManifest.xml:15:9-69
50-->src\main\AndroidManifest.xml:15:19-66
51                <category android:name="android.intent.category.LEANBACK_LAUNCHER" />
51-->src\main\AndroidManifest.xml:16:9-78
51-->src\main\AndroidManifest.xml:16:19-75
52
53                <action android:name="android.intent.action.MAIN" />
53-->src\main\AndroidManifest.xml:17:9-61
53-->src\main\AndroidManifest.xml:17:17-58
54            </intent-filter>
55
56            <meta-data
56-->src\main\AndroidManifest.xml:19:7-82
57                android:name="unityplayer.UnityActivity"
57-->src\main\AndroidManifest.xml:19:18-58
58                android:value="true" />
58-->src\main\AndroidManifest.xml:19:59-79
59            <meta-data
59-->src\main\AndroidManifest.xml:20:7-128
60                android:name="WindowManagerPreference:FreeformWindowSize"
60-->src\main\AndroidManifest.xml:20:18-75
61                android:value="@string/FreeformWindowSize_tablet" />
61-->src\main\AndroidManifest.xml:20:76-125
62            <meta-data
62-->src\main\AndroidManifest.xml:21:7-145
63                android:name="WindowManagerPreference:FreeformWindowOrientation"
63-->src\main\AndroidManifest.xml:21:18-82
64                android:value="@string/FreeformWindowOrientation_landscape" />
64-->src\main\AndroidManifest.xml:21:83-142
65
66            <layout
66-->src\main\AndroidManifest.xml:22:7-129
67                android:defaultHeight="1080px"
67-->src\main\AndroidManifest.xml:22:45-75
68                android:defaultWidth="2160px"
68-->src\main\AndroidManifest.xml:22:15-44
69                android:minHeight="300px"
69-->src\main\AndroidManifest.xml:22:101-126
70                android:minWidth="400px" />
70-->src\main\AndroidManifest.xml:22:76-100
71        </activity>
72    </application>
73
74</manifest>